<?xml version="1.0" encoding="UTF-8"?>
<!-- Generated by org.testng.reporters.JUnitReportReporter -->
<testsuite hostname="mariammalsubramanianmoneyviewin.local" failures="0" tests="3" name="com.qa.opencart.tests.HomePageTest" time="1.333" errors="0" timestamp="2022-11-24T17:06:07 IST" skipped="0">
  <testcase classname="com.qa.opencart.tests.HomePageTest" name="searchTest" time="1.283"/>
  <system-out/>
  <testcase classname="com.qa.opencart.tests.HomePageTest" name="homePageUrlTest" time="0.005"/>
  <system-out/>
  <testcase classname="com.qa.opencart.tests.HomePageTest" name="homePageTitleTest" time="0.045"/>
  <system-out/>
</testsuite> <!-- com.qa.opencart.tests.HomePageTest -->
